Using pre-set license
Built from '2020.2/staging' branch; Version is '2020.2.5f1 (e2c53f129de5) revision 14861631'; Using compiler version '192528614'; Build Type 'Release'
OS: 'Windows 10 Pro; OS build 19042.804; Version 2009; 64bit' Language: 'en' Physical Memory: 16300 MB
BatchMode: 1, IsHumanControllingUs: 0, StartBugReporterOnCrash: 0, Is64bit: 1, IsPro: 0

 COMMAND LINE ARGUMENTS:
D:\Installation\DEV\Unity Versions\2020.2.5f1\Editor\Unity.exe
-adb2
-batchMode
-noUpm
-name
AssetImportWorker0
-projectPath
D:/Projects/Hide--N-Seek
-logFile
Logs/AssetImportWorker0.log
-srvPort
62110
Successfully changed project path to: D:/Projects/Hide--N-Seek
D:/Projects/Hide--N-Seek
Using Asset Import Pipeline V2.
Refreshing native plugins compatible for Editor in 65.24 ms, found 0 plugins.
Preloading 0 native plugins for Editor in 0.00 ms.
Initialize engine version: 2020.2.5f1 (e2c53f129de5)
[Subsystems] Discovering subsystems at path D:/Installation/DEV/Unity Versions/2020.2.5f1/Editor/Data/Resources/UnitySubsystems
[Subsystems] Discovering subsystems at path D:/Projects/Hide--N-Seek/Assets
GfxDevice: creating device client; threaded=0
Direct3D:
    Version:  Direct3D 11.0 [level 11.1]
    Renderer: NVIDIA GeForce GTX 1060 3GB (ID=0x1c02)
    Vendor:   
    VRAM:     2988 MB
    Driver:   27.21.14.5751
Shader 'Universal Render Pipeline/Particles/Lit': fallback shader 'Universal Render Pipeline/Particles/SimpleLit' not found
Initialize mono
Mono path[0] = 'D:/Installation/DEV/Unity Versions/2020.2.5f1/Editor/Data/Managed'
Mono path[1] = 'D:/Installation/DEV/Unity Versions/2020.2.5f1/Editor/Data/MonoBleedingEdge/lib/mono/unityjit'
Mono config path = 'D:/Installation/DEV/Unity Versions/2020.2.5f1/Editor/Data/MonoBleedingEdge/etc'
Using monoOptions --debugger-agent=transport=dt_socket,embedding=1,server=y,suspend=n,address=127.0.0.1:56000
Begin MonoManager ReloadAssembly
Registering precompiled unity dll's ...
Register platform support module: D:/Installation/DEV/Unity Versions/2020.2.5f1/Editor/Data/PlaybackEngines/WindowsStandaloneSupport/UnityEditor.WindowsStandalone.Extensions.dll
Registered in 0.001031 seconds.
Native extension for WindowsStandalone target not found
Refreshing native plugins compatible for Editor in 61.70 ms, found 0 plugins.
Preloading 0 native plugins for Editor in 0.00 ms.
Invoked RoslynAnalysisRunner static constructor.
RoslynAnalysisRunner will not be running.
RoslynAnalysisRunner has terminated.
Mono: successfully reloaded assembly
- Completed reload, in  1.305 seconds
Platform modules already initialized, skipping
Registering precompiled user dll's ...
Registered in 0.001863 seconds.
Begin MonoManager ReloadAssembly
Native extension for WindowsStandalone target not found
Refreshing native plugins compatible for Editor in 61.75 ms, found 0 plugins.
Preloading 0 native plugins for Editor in 0.00 ms.
Invoked RoslynAnalysisRunner static constructor.
RoslynAnalysisRunner will not be running.
RoslynAnalysisRunner has terminated.
Mono: successfully reloaded assembly
- Completed reload, in  0.907 seconds
Platform modules already initialized, skipping
========================================================================
Worker process is ready to serve import requests
Shader 'Universal Render Pipeline/Particles/Lit': fallback shader 'Universal Render Pipeline/Particles/SimpleLit' not found
Launched and connected shader compiler UnityShaderCompiler.exe after 0.04 seconds
Refreshing native plugins compatible for Editor in 0.63 ms, found 0 plugins.
Preloading 0 native plugins for Editor in 0.00 ms.
Unloading 2666 Unused Serialized files (Serialized files now loaded: 0)
System memory in use before: 125.7 MB.
System memory in use after: 125.9 MB.

Unloading 10 unused Assets to reduce memory usage. Loaded Objects now: 3113.
Total: 2.208200 ms (FindLiveObjects: 0.253900 ms CreateObjectMapping: 0.146200 ms MarkObjects: 1.741700 ms  DeleteObjects: 0.065700 ms)

========================================================================
Received Import Request.
  path: Assets/Plugins/Control-Freak-2/Scripts/Gamepads/ProfileBanks/BuiltInGamepadProfileBank.cs
  artifactKey: Guid(7dd8e80d6ae8c964eb5674d0a18fd9b0) Importer(815301076,1909f56bfc062723c751e8b465ee728b)
Start importing Assets/Plugins/Control-Freak-2/Scripts/Gamepads/ProfileBanks/BuiltInGamepadProfileBank.cs using Guid(7dd8e80d6ae8c964eb5674d0a18fd9b0) Importer(815301076,1909f56bfc062723c751e8b465ee728b)  -> (artifact id: 'a11d26f10bd7fd0626baa48c307d587d') in 0.047618 seconds
  Import took 0.051786 seconds .

========================================================================
Received Import Request.
  Time since last request: 0.000283 seconds.
  path: Assets/Plugins/Control-Freak-2/Scripts/Gamepads/ProfileBanks/BuiltInGamepadProfileBankAndroid.cs
  artifactKey: Guid(69623b0af42b123418ccfc4ce07286bc) Importer(815301076,1909f56bfc062723c751e8b465ee728b)
Start importing Assets/Plugins/Control-Freak-2/Scripts/Gamepads/ProfileBanks/BuiltInGamepadProfileBankAndroid.cs using Guid(69623b0af42b123418ccfc4ce07286bc) Importer(815301076,1909f56bfc062723c751e8b465ee728b)  -> (artifact id: '7fdb5c0241eb1298138706b76e7b581f') in 0.005046 seconds
  Import took 0.009156 seconds .

========================================================================
Received Import Request.
  Time since last request: 0.059132 seconds.
  path: Assets/Game/Scripts/Managers/InGameObjectsManager.cs
  artifactKey: Guid(007ebfd776bb26943a0102b731c1535a) Importer(815301076,1909f56bfc062723c751e8b465ee728b)
Start importing Assets/Game/Scripts/Managers/InGameObjectsManager.cs using Guid(007ebfd776bb26943a0102b731c1535a) Importer(815301076,1909f56bfc062723c751e8b465ee728b)  -> (artifact id: '086aeb7533b3462791b7bafc77dd1417') in 0.004944 seconds
  Import took 0.009209 seconds .

========================================================================
Received Import Request.
  Time since last request: 0.002429 seconds.
  path: Assets/Game/Scripts/Managers/InGameObjectsManager.cs
  artifactKey: Guid(007ebfd776bb26943a0102b731c1535a) Importer(815301076,1909f56bfc062723c751e8b465ee728b)
Start importing Assets/Game/Scripts/Managers/InGameObjectsManager.cs using Guid(007ebfd776bb26943a0102b731c1535a) Importer(815301076,1909f56bfc062723c751e8b465ee728b)  -> (artifact id: '086aeb7533b3462791b7bafc77dd1417') in 0.001603 seconds
  Import took 0.005675 seconds .

========================================================================
Received Import Request.
  Time since last request: 7.473764 seconds.
  path: Assets/Game/Scripts/SpawnPoint.cs
  artifactKey: Guid(7238c201bcafb7d41bf198a724cb6a4d) Importer(815301076,1909f56bfc062723c751e8b465ee728b)
Start importing Assets/Game/Scripts/SpawnPoint.cs using Guid(7238c201bcafb7d41bf198a724cb6a4d) Importer(815301076,1909f56bfc062723c751e8b465ee728b)  -> (artifact id: '1b3ae0e952b96a4e9e369e661c740fcc') in 0.007251 seconds
  Import took 0.012729 seconds .

========================================================================
Received Import Request.
  Time since last request: 1.629982 seconds.
  path: Assets/Game/Scripts/CharSpawnPoint.cs
  artifactKey: Guid(a3c8c2c764c127540bb972b4c8873a87) Importer(815301076,1909f56bfc062723c751e8b465ee728b)
Start importing Assets/Game/Scripts/CharSpawnPoint.cs using Guid(a3c8c2c764c127540bb972b4c8873a87) Importer(815301076,1909f56bfc062723c751e8b465ee728b)  -> (artifact id: '112db744969e037d3e90576bf99e370f') in 0.005609 seconds
  Import took 0.011157 seconds .

========================================================================
Received Import Request.
  Time since last request: 0.000762 seconds.
  path: Assets/Game/Scripts/CharSpawnPoint.cs
  artifactKey: Guid(a3c8c2c764c127540bb972b4c8873a87) Importer(815301076,1909f56bfc062723c751e8b465ee728b)
Start importing Assets/Game/Scripts/CharSpawnPoint.cs using Guid(a3c8c2c764c127540bb972b4c8873a87) Importer(815301076,1909f56bfc062723c751e8b465ee728b)  -> (artifact id: '112db744969e037d3e90576bf99e370f') in 0.001896 seconds
  Import took 0.006953 seconds .

========================================================================
Received Prepare
Registering precompiled user dll's ...
Registered in 0.001353 seconds.
Begin MonoManager ReloadAssembly
Native extension for WindowsStandalone target not found
Refreshing native plugins compatible for Editor in 0.59 ms, found 0 plugins.
Preloading 0 native plugins for Editor in 0.00 ms.
Invoked RoslynAnalysisRunner static constructor.
RoslynAnalysisRunner will not be running.
RoslynAnalysisRunner has terminated.
Mono: successfully reloaded assembly
- Completed reload, in  0.817 seconds
Platform modules already initialized, skipping
Switching build target platform(5) subTarget(0) extendedPlatform(0) -> platform(13) subTarget(589824) extendedPlatform(0)
Shader 'Universal Render Pipeline/Particles/Lit': fallback shader 'Universal Render Pipeline/Particles/SimpleLit' not found
Refreshing native plugins compatible for Editor in 0.61 ms, found 0 plugins.
Preloading 0 native plugins for Editor in 0.00 ms.
Unloading 2552 Unused Serialized files (Serialized files now loaded: 0)
System memory in use before: 117.2 MB.
System memory in use after: 117.4 MB.

Unloading 5 unused Assets to reduce memory usage. Loaded Objects now: 3115.
Total: 2.134700 ms (FindLiveObjects: 0.249600 ms CreateObjectMapping: 0.111900 ms MarkObjects: 1.755700 ms  DeleteObjects: 0.015600 ms)

AssetImportParameters requested are different than current active one (requested -> active):
  custom:graphics/normal-map-encoding: 01000000000000000000000000000000 -> 02000000000000000000000000000000
========================================================================
Received Prepare
Registering precompiled user dll's ...
Registered in 0.001209 seconds.
Begin MonoManager ReloadAssembly
Native extension for WindowsStandalone target not found
Refreshing native plugins compatible for Editor in 0.56 ms, found 0 plugins.
Preloading 0 native plugins for Editor in 0.00 ms.
Invoked RoslynAnalysisRunner static constructor.
RoslynAnalysisRunner will not be running.
RoslynAnalysisRunner has terminated.
Mono: successfully reloaded assembly
- Completed reload, in  0.790 seconds
Platform modules already initialized, skipping
Switching build target platform(5) subTarget(0) extendedPlatform(0) -> platform(13) subTarget(589824) extendedPlatform(0)
Shader 'Universal Render Pipeline/Particles/Lit': fallback shader 'Universal Render Pipeline/Particles/SimpleLit' not found
Refreshing native plugins compatible for Editor in 0.56 ms, found 0 plugins.
Preloading 0 native plugins for Editor in 0.00 ms.
Unloading 2552 Unused Serialized files (Serialized files now loaded: 0)
System memory in use before: 117.3 MB.
System memory in use after: 117.5 MB.

Unloading 5 unused Assets to reduce memory usage. Loaded Objects now: 3117.
Total: 6.871800 ms (FindLiveObjects: 0.666300 ms CreateObjectMapping: 0.442100 ms MarkObjects: 5.709400 ms  DeleteObjects: 0.051100 ms)

AssetImportParameters requested are different than current active one (requested -> active):
  custom:graphics/normal-map-encoding: 01000000000000000000000000000000 -> 02000000000000000000000000000000
========================================================================
Received Import Request.
  Time since last request: 226.868413 seconds.
  path: Assets/Game/Scripts/MapController.cs
  artifactKey: Guid(561b194483f879b44a1ea570f8224c81) Importer(815301076,1909f56bfc062723c751e8b465ee728b)
Start importing Assets/Game/Scripts/MapController.cs using Guid(561b194483f879b44a1ea570f8224c81) Importer(815301076,1909f56bfc062723c751e8b465ee728b)  -> (artifact id: 'c647e4c1fadc4d23831581a7979a7fb1') in 0.008833 seconds
  Import took 0.012889 seconds .

========================================================================
Received Import Request.
  Time since last request: 0.019600 seconds.
  path: Assets/Game/Scripts/MapController.cs
  artifactKey: Guid(561b194483f879b44a1ea570f8224c81) Importer(815301076,1909f56bfc062723c751e8b465ee728b)
Start importing Assets/Game/Scripts/MapController.cs using Guid(561b194483f879b44a1ea570f8224c81) Importer(815301076,1909f56bfc062723c751e8b465ee728b)  -> (artifact id: 'c647e4c1fadc4d23831581a7979a7fb1') in 0.002475 seconds
  Import took 0.006559 seconds .

========================================================================
Received Prepare
Registering precompiled user dll's ...
Registered in 0.001282 seconds.
Begin MonoManager ReloadAssembly
Native extension for WindowsStandalone target not found
Refreshing native plugins compatible for Editor in 0.57 ms, found 0 plugins.
Preloading 0 native plugins for Editor in 0.00 ms.
Invoked RoslynAnalysisRunner static constructor.
RoslynAnalysisRunner will not be running.
RoslynAnalysisRunner has terminated.
Mono: successfully reloaded assembly
- Completed reload, in  0.765 seconds
Platform modules already initialized, skipping
Switching build target platform(5) subTarget(0) extendedPlatform(0) -> platform(13) subTarget(589824) extendedPlatform(0)
Shader 'Universal Render Pipeline/Particles/Lit': fallback shader 'Universal Render Pipeline/Particles/SimpleLit' not found
Refreshing native plugins compatible for Editor in 0.57 ms, found 0 plugins.
Preloading 0 native plugins for Editor in 0.00 ms.
Unloading 2552 Unused Serialized files (Serialized files now loaded: 0)
System memory in use before: 117.3 MB.
System memory in use after: 117.5 MB.

Unloading 5 unused Assets to reduce memory usage. Loaded Objects now: 3119.
Total: 2.145300 ms (FindLiveObjects: 0.321100 ms CreateObjectMapping: 0.150100 ms MarkObjects: 1.659700 ms  DeleteObjects: 0.013100 ms)

AssetImportParameters requested are different than current active one (requested -> active):
  custom:graphics/normal-map-encoding: 01000000000000000000000000000000 -> 02000000000000000000000000000000
========================================================================
Received Prepare
Registering precompiled user dll's ...
Registered in 0.001205 seconds.
Begin MonoManager ReloadAssembly
Native extension for WindowsStandalone target not found
Refreshing native plugins compatible for Editor in 0.63 ms, found 0 plugins.
Preloading 0 native plugins for Editor in 0.00 ms.
Invoked RoslynAnalysisRunner static constructor.
RoslynAnalysisRunner will not be running.
RoslynAnalysisRunner has terminated.
Mono: successfully reloaded assembly
- Completed reload, in  0.973 seconds
Platform modules already initialized, skipping
Switching build target platform(5) subTarget(0) extendedPlatform(0) -> platform(13) subTarget(589824) extendedPlatform(0)
Shader 'Universal Render Pipeline/Particles/Lit': fallback shader 'Universal Render Pipeline/Particles/SimpleLit' not found
Refreshing native plugins compatible for Editor in 0.56 ms, found 0 plugins.
Preloading 0 native plugins for Editor in 0.00 ms.
Unloading 2552 Unused Serialized files (Serialized files now loaded: 0)
System memory in use before: 117.3 MB.
System memory in use after: 117.5 MB.

Unloading 5 unused Assets to reduce memory usage. Loaded Objects now: 3121.
Total: 2.258200 ms (FindLiveObjects: 0.268900 ms CreateObjectMapping: 0.138300 ms MarkObjects: 1.833300 ms  DeleteObjects: 0.015900 ms)

AssetImportParameters requested are different than current active one (requested -> active):
  custom:graphics/normal-map-encoding: 01000000000000000000000000000000 -> 02000000000000000000000000000000
========================================================================
Received Import Request.
  Time since last request: 388.148579 seconds.
  path: Assets/Game/Scripts/Managers/PrefabManager.cs
  artifactKey: Guid(39e8b6f005d5f7b4590be801cbaff5d1) Importer(815301076,1909f56bfc062723c751e8b465ee728b)
Start importing Assets/Game/Scripts/Managers/PrefabManager.cs using Guid(39e8b6f005d5f7b4590be801cbaff5d1) Importer(815301076,1909f56bfc062723c751e8b465ee728b)  -> (artifact id: '25ae58c9b53ba6a460a559d4f6a6b445') in 0.022219 seconds
  Import took 0.033509 seconds .

========================================================================
Received Prepare
Registering precompiled user dll's ...
Registered in 0.001305 seconds.
Begin MonoManager ReloadAssembly
Native extension for WindowsStandalone target not found
Refreshing native plugins compatible for Editor in 0.59 ms, found 0 plugins.
Preloading 0 native plugins for Editor in 0.00 ms.
Invoked RoslynAnalysisRunner static constructor.
RoslynAnalysisRunner will not be running.
RoslynAnalysisRunner has terminated.
Mono: successfully reloaded assembly
- Completed reload, in  0.776 seconds
Platform modules already initialized, skipping
Switching build target platform(5) subTarget(0) extendedPlatform(0) -> platform(13) subTarget(589824) extendedPlatform(0)
Shader 'Universal Render Pipeline/Particles/Lit': fallback shader 'Universal Render Pipeline/Particles/SimpleLit' not found
Refreshing native plugins compatible for Editor in 0.57 ms, found 0 plugins.
Preloading 0 native plugins for Editor in 0.00 ms.
Unloading 2552 Unused Serialized files (Serialized files now loaded: 0)
System memory in use before: 117.3 MB.
System memory in use after: 117.5 MB.

Unloading 5 unused Assets to reduce memory usage. Loaded Objects now: 3123.
Total: 2.009800 ms (FindLiveObjects: 0.259200 ms CreateObjectMapping: 0.121900 ms MarkObjects: 1.615400 ms  DeleteObjects: 0.012500 ms)

AssetImportParameters requested are different than current active one (requested -> active):
  custom:graphics/normal-map-encoding: 01000000000000000000000000000000 -> 02000000000000000000000000000000
========================================================================
Received Import Request.
  Time since last request: 39.824608 seconds.
  path: Assets/Game/Scripts/Managers/PrefabManager.cs
  artifactKey: Guid(39e8b6f005d5f7b4590be801cbaff5d1) Importer(815301076,1909f56bfc062723c751e8b465ee728b)
Start importing Assets/Game/Scripts/Managers/PrefabManager.cs using Guid(39e8b6f005d5f7b4590be801cbaff5d1) Importer(815301076,1909f56bfc062723c751e8b465ee728b)  -> (artifact id: 'e11045f8ddb1ff9a2cffc4409eeb7c66') in 0.004637 seconds
  Import took 0.008534 seconds .

========================================================================
Received Import Request.
  Time since last request: 14.268665 seconds.
  path: Assets/Game/Prefabs/Enemies/Enemy2.prefab
  artifactKey: Guid(2c5c36d745ae7ad429b55dfa247947bc) Importer(815301076,1909f56bfc062723c751e8b465ee728b)
Start importing Assets/Game/Prefabs/Enemies/Enemy2.prefab using Guid(2c5c36d745ae7ad429b55dfa247947bc) Importer(815301076,1909f56bfc062723c751e8b465ee728b)  -> (artifact id: '4a42a3f9d3a39ef18d85b43eeb0b7915') in 0.200380 seconds
  Import took 0.205283 seconds .

========================================================================
Received Prepare
Registering precompiled user dll's ...
Registered in 0.001457 seconds.
Begin MonoManager ReloadAssembly
Native extension for WindowsStandalone target not found
Refreshing native plugins compatible for Editor in 0.66 ms, found 0 plugins.
Preloading 0 native plugins for Editor in 0.00 ms.
Invoked RoslynAnalysisRunner static constructor.
RoslynAnalysisRunner will not be running.
RoslynAnalysisRunner has terminated.
Mono: successfully reloaded assembly
- Completed reload, in  0.827 seconds
Platform modules already initialized, skipping
Switching build target platform(5) subTarget(0) extendedPlatform(0) -> platform(13) subTarget(589824) extendedPlatform(0)
Shader 'Universal Render Pipeline/Particles/Lit': fallback shader 'Universal Render Pipeline/Particles/SimpleLit' not found
Refreshing native plugins compatible for Editor in 0.57 ms, found 0 plugins.
Preloading 0 native plugins for Editor in 0.00 ms.
Unloading 2552 Unused Serialized files (Serialized files now loaded: 0)
System memory in use before: 122.4 MB.
System memory in use after: 122.6 MB.

Unloading 5 unused Assets to reduce memory usage. Loaded Objects now: 3170.
Total: 2.123000 ms (FindLiveObjects: 0.261400 ms CreateObjectMapping: 0.131300 ms MarkObjects: 1.716000 ms  DeleteObjects: 0.013000 ms)

AssetImportParameters requested are different than current active one (requested -> active):
  custom:graphics/normal-map-encoding: 01000000000000000000000000000000 -> 02000000000000000000000000000000
========================================================================
Received Import Request.
  Time since last request: 445.574775 seconds.
  path: Assets/Game/Resources/Maps/Level3.prefab
  artifactKey: Guid(4d0f32fbc86b1194bb51561d7c23b068) Importer(815301076,1909f56bfc062723c751e8b465ee728b)
Start importing Assets/Game/Resources/Maps/Level3.prefab using Guid(4d0f32fbc86b1194bb51561d7c23b068) Importer(815301076,1909f56bfc062723c751e8b465ee728b)  -> (artifact id: '38f523c99e7a5628d9cbbdad14d2441a') in 0.265859 seconds
  Import took 0.272599 seconds .

========================================================================
Received Prepare
Registering precompiled user dll's ...
Registered in 0.001195 seconds.
Begin MonoManager ReloadAssembly
Native extension for WindowsStandalone target not found
Refreshing native plugins compatible for Editor in 0.58 ms, found 0 plugins.
Preloading 0 native plugins for Editor in 0.00 ms.
Invoked RoslynAnalysisRunner static constructor.
RoslynAnalysisRunner will not be running.
RoslynAnalysisRunner has terminated.
Mono: successfully reloaded assembly
- Completed reload, in  0.805 seconds
Platform modules already initialized, skipping
Switching build target platform(5) subTarget(0) extendedPlatform(0) -> platform(13) subTarget(589824) extendedPlatform(0)
Shader 'Universal Render Pipeline/Particles/Lit': fallback shader 'Universal Render Pipeline/Particles/SimpleLit' not found
Refreshing native plugins compatible for Editor in 0.63 ms, found 0 plugins.
Preloading 0 native plugins for Editor in 0.00 ms.
Unloading 2552 Unused Serialized files (Serialized files now loaded: 0)
System memory in use before: 122.7 MB.
System memory in use after: 122.9 MB.

Unloading 5 unused Assets to reduce memory usage. Loaded Objects now: 3209.
Total: 2.329100 ms (FindLiveObjects: 0.321300 ms CreateObjectMapping: 0.158800 ms MarkObjects: 1.833900 ms  DeleteObjects: 0.014300 ms)

AssetImportParameters requested are different than current active one (requested -> active):
  custom:graphics/normal-map-encoding: 01000000000000000000000000000000 -> 02000000000000000000000000000000
========================================================================
Received Import Request.
  Time since last request: 133.359016 seconds.
  path: Assets/Game/Resources/Maps/Level3.prefab
  artifactKey: Guid(4d0f32fbc86b1194bb51561d7c23b068) Importer(815301076,1909f56bfc062723c751e8b465ee728b)
Start importing Assets/Game/Resources/Maps/Level3.prefab using Guid(4d0f32fbc86b1194bb51561d7c23b068) Importer(815301076,1909f56bfc062723c751e8b465ee728b)  -> (artifact id: '6641de889c8b0561a9ad4e20410372f3') in 0.230425 seconds
  Import took 0.236171 seconds .

========================================================================
Received Prepare
Registering precompiled user dll's ...
Registered in 0.001186 seconds.
Begin MonoManager ReloadAssembly
Native extension for WindowsStandalone target not found
Refreshing native plugins compatible for Editor in 0.56 ms, found 0 plugins.
Preloading 0 native plugins for Editor in 0.00 ms.
Invoked RoslynAnalysisRunner static constructor.
RoslynAnalysisRunner will not be running.
RoslynAnalysisRunner has terminated.
Mono: successfully reloaded assembly
- Completed reload, in  0.816 seconds
Platform modules already initialized, skipping
Switching build target platform(5) subTarget(0) extendedPlatform(0) -> platform(13) subTarget(589824) extendedPlatform(0)
Shader 'Universal Render Pipeline/Particles/Lit': fallback shader 'Universal Render Pipeline/Particles/SimpleLit' not found
Refreshing native plugins compatible for Editor in 0.56 ms, found 0 plugins.
Preloading 0 native plugins for Editor in 0.00 ms.
Unloading 2552 Unused Serialized files (Serialized files now loaded: 0)
System memory in use before: 122.8 MB.
System memory in use after: 123.0 MB.

Unloading 5 unused Assets to reduce memory usage. Loaded Objects now: 3247.
Total: 3.106300 ms (FindLiveObjects: 0.270600 ms CreateObjectMapping: 0.166700 ms MarkObjects: 2.652500 ms  DeleteObjects: 0.015500 ms)

AssetImportParameters requested are different than current active one (requested -> active):
  custom:graphics/normal-map-encoding: 01000000000000000000000000000000 -> 02000000000000000000000000000000
========================================================================
Received Prepare
Registering precompiled user dll's ...
Registered in 0.001197 seconds.
Begin MonoManager ReloadAssembly
Native extension for WindowsStandalone target not found
Refreshing native plugins compatible for Editor in 0.62 ms, found 0 plugins.
Preloading 0 native plugins for Editor in 0.00 ms.
Invoked RoslynAnalysisRunner static constructor.
RoslynAnalysisRunner will not be running.
RoslynAnalysisRunner has terminated.
Mono: successfully reloaded assembly
- Completed reload, in  0.814 seconds
Platform modules already initialized, skipping
Switching build target platform(5) subTarget(0) extendedPlatform(0) -> platform(13) subTarget(589824) extendedPlatform(0)
Shader 'Universal Render Pipeline/Particles/Lit': fallback shader 'Universal Render Pipeline/Particles/SimpleLit' not found
Refreshing native plugins compatible for Editor in 0.62 ms, found 0 plugins.
Preloading 0 native plugins for Editor in 0.00 ms.
Unloading 2552 Unused Serialized files (Serialized files now loaded: 0)
System memory in use before: 122.8 MB.
System memory in use after: 123.0 MB.

Unloading 5 unused Assets to reduce memory usage. Loaded Objects now: 3249.
Total: 2.342600 ms (FindLiveObjects: 0.297200 ms CreateObjectMapping: 0.149200 ms MarkObjects: 1.879700 ms  DeleteObjects: 0.015500 ms)

AssetImportParameters requested are different than current active one (requested -> active):
  custom:graphics/normal-map-encoding: 01000000000000000000000000000000 -> 02000000000000000000000000000000
========================================================================
Received Prepare
Registering precompiled user dll's ...
Registered in 0.001290 seconds.
Begin MonoManager ReloadAssembly
Native extension for WindowsStandalone target not found
Refreshing native plugins compatible for Editor in 0.59 ms, found 0 plugins.
Preloading 0 native plugins for Editor in 0.00 ms.
Invoked RoslynAnalysisRunner static constructor.
RoslynAnalysisRunner will not be running.
RoslynAnalysisRunner has terminated.
Mono: successfully reloaded assembly
- Completed reload, in  0.824 seconds
Platform modules already initialized, skipping
Switching build target platform(5) subTarget(0) extendedPlatform(0) -> platform(13) subTarget(589824) extendedPlatform(0)
Shader 'Universal Render Pipeline/Particles/Lit': fallback shader 'Universal Render Pipeline/Particles/SimpleLit' not found
Refreshing native plugins compatible for Editor in 0.58 ms, found 0 plugins.
Preloading 0 native plugins for Editor in 0.00 ms.
Unloading 2552 Unused Serialized files (Serialized files now loaded: 0)
System memory in use before: 122.8 MB.
System memory in use after: 123.0 MB.

Unloading 5 unused Assets to reduce memory usage. Loaded Objects now: 3251.
Total: 2.171500 ms (FindLiveObjects: 0.272400 ms CreateObjectMapping: 0.143600 ms MarkObjects: 1.741500 ms  DeleteObjects: 0.013000 ms)

AssetImportParameters requested are different than current active one (requested -> active):
  custom:graphics/normal-map-encoding: 01000000000000000000000000000000 -> 02000000000000000000000000000000
AssetImportWorkerClient::OnTransportError - code=2 error=End of file
